# JRE version: OpenJDK Runtime Environment (8.0_151-b12) (build 1.8.0_151-8u151-b12-0ubuntu0.16.04.2-b12)
# Java VM: OpenJDK 64-Bit Server VM (25.151-b12 mixed mode linux-amd64 compressed oops)
Heap:
 def new generation   total 27392K, used 2917K [0x00000000c0000000, 0x00000000c1db0000, 0x00000000d5550000)
  eden space 24384K,  11% used [0x00000000c0000000, 0x00000000c02d96d0, 0x00000000c17d0000)
  from space 3008K,   0% used [0x00000000c17d0000, 0x00000000c17d0000, 0x00000000c1ac0000)
  to   space 3008K,   0% used [0x00000000c1ac0000, 0x00000000c1ac0000, 0x00000000c1db0000)
 tenured generation   total 63152K, used 63151K [0x00000000d5550000, 0x00000000d92fc000, 0x0000000100000000)
   the space 63152K,  99% used [0x00000000d5550000, 0x00000000d92fbfe8, 0x00000000d92fc000, 0x00000000d92fc000)
 Metaspace       used 6207K, capacity 7152K, committed 7296K, reserved 1056768K
  class space    used 588K, capacity 616K, committed 640K, reserved 1048576K
GC Heap History (10 events):
Event: 7.561 GC heap after
Heap after GC invocations=43 (full 5):
 def new generation   total 27392K, used 3008K [0x00000000c0000000, 0x00000000c1db0000, 0x00000000d5550000)
  eden space 24384K,   0% used [0x00000000c0000000, 0x00000000c0000000, 0x00000000c17d0000)
  from space 3008K, 100% used [0x00000000c1ac0000, 0x00000000c1db0000, 0x00000000c1db0000)
  to   space 3008K,   0% used [0x00000000c17d0000, 0x00000000c17d0000, 0x00000000c1ac0000)
 tenured generation   total 60656K, used 45234K [0x00000000d5550000, 0x00000000d908c000, 0x0000000100000000)
   the space 60656K,  74% used [0x00000000d5550000, 0x00000000d817cab8, 0x00000000d817cc00, 0x00000000d908c000)
 Metaspace       used 6105K, capacity 7088K, committed 7296K, reserved 1056768K
  class space    used 587K, capacity 616K, committed 640K, reserved 1048576K
}
Event: 7.778 GC heap before
{Heap before GC invocations=43 (full 5):
 def new generation   total 27392K, used 27392K [0x00000000c0000000, 0x00000000c1db0000, 0x00000000d5550000)
  eden space 24384K, 100% used [0x00000000c0000000, 0x00000000c17d0000, 0x00000000c17d0000)
  from space 3008K, 100% used [0x00000000c1ac0000, 0x00000000c1db0000, 0x00000000c1db0000)
  to   space 3008K,   0% used [0x00000000c17d0000, 0x00000000c17d0000, 0x00000000c1ac0000)
 tenured generation   total 60656K, used 45234K [0x00000000d5550000, 0x00000000d908c000, 0x0000000100000000)
   the space 60656K,  74% used [0x00000000d5550000, 0x00000000d817cab8, 0x00000000d817cc00, 0x00000000d908c000)
 Metaspace       used 6131K, capacity 7088K, committed 7296K, reserved 1056768K
  class space    used 587K, capacity 616K, committed 640K, reserved 1048576K
Event: 7.806 GC heap after
Heap after GC invocations=44 (full 5):
 def new generation   total 27392K, used 3008K [0x00000000c0000000, 0x00000000c1db0000, 0x00000000d5550000)
  eden space 24384K,   0% used [0x00000000c0000000, 0x00000000c0000000, 0x00000000c17d0000)
  from space 3008K, 100% used [0x00000000c17d0000, 0x00000000c1ac0000, 0x00000000c1ac0000)
  to   space 3008K,   0% used [0x00000000c1ac0000, 0x00000000c1ac0000, 0x00000000c1db0000)
 tenured generation   total 60656K, used 48907K [0x00000000d5550000, 0x00000000d908c000, 0x0000000100000000)
   the space 60656K,  80% used [0x00000000d5550000, 0x00000000d8512d40, 0x00000000d8512e00, 0x00000000d908c000)
 Metaspace       used 6131K, capacity 7088K, committed 7296K, reserved 1056768K
  class space    used 587K, capacity 616K, committed 640K, reserved 1048576K
}
Event: 8.018 GC heap before
{Heap before GC invocations=44 (full 5):
 def new generation   total 27392K, used 27392K [0x00000000c0000000, 0x00000000c1db0000, 0x00000000d5550000)
  eden space 24384K, 100% used [0x00000000c0000000, 0x00000000c17d0000, 0x00000000c17d0000)
  from space 3008K, 100% used [0x00000000c17d0000, 0x00000000c1ac0000, 0x00000000c1ac0000)
  to   space 3008K,   0% used [0x00000000c1ac0000, 0x00000000c1ac0000, 0x00000000c1db0000)
 tenured generation   total 60656K, used 48907K [0x00000000d5550000, 0x00000000d908c000, 0x0000000100000000)
   the space 60656K,  80% used [0x00000000d5550000, 0x00000000d8512d40, 0x00000000d8512e00, 0x00000000d908c000)
 Metaspace       used 6147K, capacity 7152K, committed 7296K, reserved 1056768K
  class space    used 588K, capacity 616K, committed 640K, reserved 1048576K
Event: 8.045 GC heap after
Heap after GC invocations=45 (full 5):
 def new generation   total 27392K, used 3008K [0x00000000c0000000, 0x00000000c1db0000, 0x00000000d5550000)
  eden space 24384K,   0% used [0x00000000c0000000, 0x00000000c0000000, 0x00000000c17d0000)
  from space 3008K, 100% used [0x00000000c1ac0000, 0x00000000c1db0000, 0x00000000c1db0000)
  to   space 3008K,   0% used [0x00000000c17d0000, 0x00000000c17d0000, 0x00000000c1ac0000)
 tenured generation   total 60656K, used 52513K [0x00000000d5550000, 0x00000000d908c000, 0x0000000100000000)
   the space 60656K,  86% used [0x00000000d5550000, 0x00000000d88985a8, 0x00000000d8898600, 0x00000000d908c000)
 Metaspace       used 6147K, capacity 7152K, committed 7296K, reserved 1056768K
  class space    used 588K, capacity 616K, committed 640K, reserved 1048576K
}
Event: 8.236 GC heap before
{Heap before GC invocations=45 (full 5):
 def new generation   total 27392K, used 27392K [0x00000000c0000000, 0x00000000c1db0000, 0x00000000d5550000)
  eden space 24384K, 100% used [0x00000000c0000000, 0x00000000c17d0000, 0x00000000c17d0000)
  from space 3008K, 100% used [0x00000000c1ac0000, 0x00000000c1db0000, 0x00000000c1db0000)
  to   space 3008K,   0% used [0x00000000c17d0000, 0x00000000c17d0000, 0x00000000c1ac0000)
 tenured generation   total 60656K, used 52513K [0x00000000d5550000, 0x00000000d908c000, 0x0000000100000000)
   the space 60656K,  86% used [0x00000000d5550000, 0x00000000d88985a8, 0x00000000d8898600, 0x00000000d908c000)
 Metaspace       used 6156K, capacity 7152K, committed 7296K, reserved 1056768K
  class space    used 588K, capacity 616K, committed 640K, reserved 1048576K
Event: 8.282 GC heap after
Heap after GC invocations=46 (full 5):
 def new generation   total 27392K, used 3007K [0x00000000c0000000, 0x00000000c1db0000, 0x00000000d5550000)
  eden space 24384K,   0% used [0x00000000c0000000, 0x00000000c0000000, 0x00000000c17d0000)
  from space 3008K,  99% used [0x00000000c17d0000, 0x00000000c1abfff8, 0x00000000c1ac0000)
  to   space 3008K,   0% used [0x00000000c1ac0000, 0x00000000c1ac0000, 0x00000000c1db0000)
 tenured generation   total 60656K, used 56520K [0x00000000d5550000, 0x00000000d908c000, 0x0000000100000000)
   the space 60656K,  93% used [0x00000000d5550000, 0x00000000d8c82348, 0x00000000d8c82400, 0x00000000d908c000)
 Metaspace       used 6156K, capacity 7152K, committed 7296K, reserved 1056768K
  class space    used 588K, capacity 616K, committed 640K, reserved 1048576K
}
Event: 8.475 GC heap before
{Heap before GC invocations=46 (full 5):
 def new generation   total 27392K, used 27391K [0x00000000c0000000, 0x00000000c1db0000, 0x00000000d5550000)
  eden space 24384K, 100% used [0x00000000c0000000, 0x00000000c17d0000, 0x00000000c17d0000)
  from space 3008K,  99% used [0x00000000c17d0000, 0x00000000c1abfff8, 0x00000000c1ac0000)
  to   space 3008K,   0% used [0x00000000c1ac0000, 0x00000000c1ac0000, 0x00000000c1db0000)
 tenured generation   total 60656K, used 56520K [0x00000000d5550000, 0x00000000d908c000, 0x0000000100000000)
   the space 60656K,  93% used [0x00000000d5550000, 0x00000000d8c82348, 0x00000000d8c82400, 0x00000000d908c000)
 Metaspace       used 6179K, capacity 7152K, committed 7296K, reserved 1056768K
  class space    used 588K, capacity 616K, committed 640K, reserved 1048576K
Event: 8.511 GC heap after
Heap after GC invocations=47 (full 5):
 def new generation   total 27392K, used 3007K [0x00000000c0000000, 0x00000000c1db0000, 0x00000000d5550000)
  eden space 24384K,   0% used [0x00000000c0000000, 0x00000000c0000000, 0x00000000c17d0000)
  from space 3008K,  99% used [0x00000000c1ac0000, 0x00000000c1dafff8, 0x00000000c1db0000)
  to   space 3008K,   0% used [0x00000000c17d0000, 0x00000000c17d0000, 0x00000000c1ac0000)
 tenured generation   total 60656K, used 60262K [0x00000000d5550000, 0x00000000d908c000, 0x0000000100000000)
   the space 60656K,  99% used [0x00000000d5550000, 0x00000000d9029b08, 0x00000000d9029c00, 0x00000000d908c000)
 Metaspace       used 6179K, capacity 7152K, committed 7296K, reserved 1056768K
  class space    used 588K, capacity 616K, committed 640K, reserved 1048576K
}
Event: 8.720 GC heap before
{Heap before GC invocations=47 (full 5):
 def new generation   total 27392K, used 27391K [0x00000000c0000000, 0x00000000c1db0000, 0x00000000d5550000)
  eden space 24384K, 100% used [0x00000000c0000000, 0x00000000c17d0000, 0x00000000c17d0000)
  from space 3008K,  99% used [0x00000000c1ac0000, 0x00000000c1dafff8, 0x00000000c1db0000)
  to   space 3008K,   0% used [0x00000000c17d0000, 0x00000000c17d0000, 0x00000000c1ac0000)
 tenured generation   total 60656K, used 60262K [0x00000000d5550000, 0x00000000d908c000, 0x0000000100000000)
   the space 60656K,  99% used [0x00000000d5550000, 0x00000000d9029b08, 0x00000000d9029c00, 0x00000000d908c000)
 Metaspace       used 6207K, capacity 7152K, committed 7296K, reserved 1056768K
  class space    used 588K, capacity 616K, committed 640K, reserved 1048576K

